<?xml version="1.0" encoding="UTF-8"?>
<!-- Generated by org.testng.reporters.JUnitReportReporter -->
<testsuite hostname="DESKTOP-NO6VRSL" failures="0" tests="5" name="swagLabs.anything" time="4.068" errors="0" timestamp="2025-04-15T02:48:52 PDT" skipped="0">
  <testcase classname="swagLabs.anything" name="login" time="0.551"/>
  <testcase classname="swagLabs.anything" name="addRandomlyItems" time="0.288"/>
  <testcase classname="swagLabs.anything" name="removeItem" time="0.194"/>
  <testcase classname="swagLabs.anything" name="checkOut" time="0.715"/>
  <testcase classname="swagLabs.anything" name="logOut" time="2.320"/>
</testsuite> <!-- swagLabs.anything -->
